<?xml version="1.0" encoding="UTF-8"?>
<testsuite name="Registro de usuario en Advantage" tests="1" skipped="0" failures="0" errors="0" timestamp="2023-02-19T05:02:06" hostname="DESKTOP-STS3HQI" time="16.054">
  <properties/>
  <testcase name="Escenario: Registro Usuario Exitoso" classname="Registro de usuario en Advantage" time="16.054"/>
  <system-out><![CDATA[juliocabeza1990
]]></system-out>
  <system-err><![CDATA[Starting ChromeDriver 109.0.5414.74 (e7c5703604daa9cc128ccf5a5d3e993513758913-refs/branch-heads/5414@{#1172}) on port 48354
Only local connections are allowed.
Please see https://chromedriver.chromium.org/security-considerations for suggestions on keeping ChromeDriver safe.
ChromeDriver was started successfully.
feb. 19, 2023 12:02:08 A. M. org.openqa.selenium.remote.ProtocolHandshake createSession
INFO: Detected dialect: W3C
]]></system-err>
</testsuite>
